<?xml version="1.0" encoding="UTF-8"?>
<!-- Generated by org.testng.reporters.JUnitXMLReporter -->
<testsuite ignored="12" hostname="DESKTOP-HFPQI8T" failures="0" tests="5" name="Test" time="0.574" errors="0" timestamp="2025-04-03T19:35:04 IST">
  <testcase classname="genericBaseClassUtility.BaseClass" name="@BeforeClass beforeClass" time="0.003">
    <failure type="java.io.FileNotFoundException" message="C:\Users\user\eclipse-workspace_Ranjitha\AdvanceSelenium\src\test\resources\commondata.properties (The system cannot find the path specified)">
      <![CDATA[java.io.FileNotFoundException: C:\Users\user\eclipse-workspace_Ranjitha\AdvanceSelenium\src\test\resources\commondata.properties (The system cannot find the path specified)
at java.base/java.io.FileInputStream.open0(Native Method)
at java.base/java.io.FileInputStream.open(FileInputStream.java:213)
at java.base/java.io.FileInputStream.<init>(FileInputStream.java:152)
at java.base/java.io.FileInputStream.<init>(FileInputStream.java:106)
at Generic_Utility.PropertiesFileUtility.redingDataFromPropFile(PropertiesFileUtility.java:11)
at genericBaseClassUtility.BaseClass.beforeClass(BaseClass.java:49)
at java.base/java.util.ArrayList.forEach(ArrayList.java:1597)
... Removed 23 stack frames]]>
    </failure>
  </testcase> <!-- @BeforeClass beforeClass -->
  <testcase classname="genericBaseClassUtility.BaseClass" name="@BeforeMethod beforeMethod" time="0.0">
    <skipped/>
  </testcase> <!-- @BeforeMethod beforeMethod -->
  <testcase classname="genericBaseClassUtility.BaseClass" name="@AfterMethod afterMethod" time="0.0">
    <skipped/>
  </testcase> <!-- @AfterMethod afterMethod -->
  <testcase classname="genericBaseClassUtility.BaseClass" name="@BeforeMethod beforeMethod" time="0.0">
    <skipped/>
  </testcase> <!-- @BeforeMethod beforeMethod -->
  <testcase classname="genericBaseClassUtility.BaseClass" name="@AfterMethod afterMethod" time="0.0">
    <skipped/>
  </testcase> <!-- @AfterMethod afterMethod -->
  <testcase classname="genericBaseClassUtility.BaseClass" name="@AfterClass afterClass" time="0.0">
    <skipped/>
  </testcase> <!-- @AfterClass afterClass -->
  <testcase classname="genericBaseClassUtility.BaseClass" name="@BeforeClass beforeClass" time="0.005">
    <failure type="java.io.FileNotFoundException" message="C:\Users\user\eclipse-workspace_Ranjitha\AdvanceSelenium\src\test\resources\commondata.properties (The system cannot find the path specified)">
      <![CDATA[java.io.FileNotFoundException: C:\Users\user\eclipse-workspace_Ranjitha\AdvanceSelenium\src\test\resources\commondata.properties (The system cannot find the path specified)
at java.base/java.io.FileInputStream.open0(Native Method)
at java.base/java.io.FileInputStream.open(FileInputStream.java:213)
at java.base/java.io.FileInputStream.<init>(FileInputStream.java:152)
at java.base/java.io.FileInputStream.<init>(FileInputStream.java:106)
at Generic_Utility.PropertiesFileUtility.redingDataFromPropFile(PropertiesFileUtility.java:11)
at genericBaseClassUtility.BaseClass.beforeClass(BaseClass.java:49)
at java.base/java.util.ArrayList.forEach(ArrayList.java:1597)
... Removed 23 stack frames]]>
    </failure>
  </testcase> <!-- @BeforeClass beforeClass -->
  <testcase classname="genericBaseClassUtility.BaseClass" name="@BeforeMethod beforeMethod" time="0.0">
    <skipped/>
  </testcase> <!-- @BeforeMethod beforeMethod -->
  <testcase classname="genericBaseClassUtility.BaseClass" name="@AfterMethod afterMethod" time="0.0">
    <skipped/>
  </testcase> <!-- @AfterMethod afterMethod -->
  <testcase classname="genericBaseClassUtility.BaseClass" name="@AfterClass afterClass" time="0.0">
    <skipped/>
  </testcase> <!-- @AfterClass afterClass -->
  <testcase classname="genericBaseClassUtility.BaseClass" name="@BeforeClass beforeClass" time="0.005">
    <failure type="java.io.FileNotFoundException" message="C:\Users\user\eclipse-workspace_Ranjitha\AdvanceSelenium\src\test\resources\commondata.properties (The system cannot find the path specified)">
      <![CDATA[java.io.FileNotFoundException: C:\Users\user\eclipse-workspace_Ranjitha\AdvanceSelenium\src\test\resources\commondata.properties (The system cannot find the path specified)
at java.base/java.io.FileInputStream.open0(Native Method)
at java.base/java.io.FileInputStream.open(FileInputStream.java:213)
at java.base/java.io.FileInputStream.<init>(FileInputStream.java:152)
at java.base/java.io.FileInputStream.<init>(FileInputStream.java:106)
at Generic_Utility.PropertiesFileUtility.redingDataFromPropFile(PropertiesFileUtility.java:11)
at genericBaseClassUtility.BaseClass.beforeClass(BaseClass.java:49)
at java.base/java.util.ArrayList.forEach(ArrayList.java:1597)
... Removed 23 stack frames]]>
    </failure>
  </testcase> <!-- @BeforeClass beforeClass -->
  <testcase classname="genericBaseClassUtility.BaseClass" name="@BeforeMethod beforeMethod" time="0.0">
    <skipped/>
  </testcase> <!-- @BeforeMethod beforeMethod -->
  <testcase classname="genericBaseClassUtility.BaseClass" name="@AfterMethod afterMethod" time="0.0">
    <skipped/>
  </testcase> <!-- @AfterMethod afterMethod -->
  <testcase classname="genericBaseClassUtility.BaseClass" name="@AfterClass afterClass" time="0.0">
    <skipped/>
  </testcase> <!-- @AfterClass afterClass -->
  <testcase classname="genericBaseClassUtility.BaseClass" name="@BeforeClass beforeClass" time="0.004">
    <failure type="java.io.FileNotFoundException" message="C:\Users\user\eclipse-workspace_Ranjitha\AdvanceSelenium\src\test\resources\commondata.properties (The system cannot find the path specified)">
      <![CDATA[java.io.FileNotFoundException: C:\Users\user\eclipse-workspace_Ranjitha\AdvanceSelenium\src\test\resources\commondata.properties (The system cannot find the path specified)
at java.base/java.io.FileInputStream.open0(Native Method)
at java.base/java.io.FileInputStream.open(FileInputStream.java:213)
at java.base/java.io.FileInputStream.<init>(FileInputStream.java:152)
at java.base/java.io.FileInputStream.<init>(FileInputStream.java:106)
at Generic_Utility.PropertiesFileUtility.redingDataFromPropFile(PropertiesFileUtility.java:11)
at genericBaseClassUtility.BaseClass.beforeClass(BaseClass.java:49)
at java.base/java.util.ArrayList.forEach(ArrayList.java:1597)
... Removed 23 stack frames]]>
    </failure>
  </testcase> <!-- @BeforeClass beforeClass -->
  <testcase classname="genericBaseClassUtility.BaseClass" name="@BeforeMethod beforeMethod" time="0.0">
    <skipped/>
  </testcase> <!-- @BeforeMethod beforeMethod -->
  <testcase classname="genericBaseClassUtility.BaseClass" name="@AfterMethod afterMethod" time="0.0">
    <skipped/>
  </testcase> <!-- @AfterMethod afterMethod -->
  <testcase classname="genericBaseClassUtility.BaseClass" name="@AfterClass afterClass" time="0.0">
    <skipped/>
  </testcase> <!-- @AfterClass afterClass -->
  <testcase classname="Champaign_Practice.Create_Campaign" name="createCampaignTest" time="0.0">
    <skipped/>
  </testcase> <!-- createCampaignTest -->
  <testcase classname="Champaign_Practice.Create_Campaign" name="createCampaignWithDateTest" time="0.001">
    <skipped/>
  </testcase> <!-- createCampaignWithDateTest -->
  <testcase classname="Champaign_Practice.CampaignContactFilling" name="contactFillingWithCampaignTest" time="0.0">
    <skipped/>
  </testcase> <!-- contactFillingWithCampaignTest -->
  <testcase classname="login.Login_Test" name="loginTest" time="0.0">
    <skipped/>
  </testcase> <!-- loginTest -->
  <testcase classname="Champaign_Practice.CreateProduct" name="addProductTest" time="0.0">
    <skipped/>
  </testcase> <!-- addProductTest -->
  <testcase classname="genericBaseClassUtility.BaseClass" name="@AfterTest afterTest" time="0.0">
    <ignored/>
  </testcase> <!-- @AfterTest afterTest -->
  <testcase classname="genericBaseClassUtility.BaseClass" name="@AfterSuite afterSuite" time="0.0">
    <ignored/>
  </testcase> <!-- @AfterSuite afterSuite -->
  <testcase classname="genericBaseClassUtility.BaseClass" name="@AfterSuite afterSuite" time="0.0">
    <ignored/>
  </testcase> <!-- @AfterSuite afterSuite -->
  <testcase classname="genericBaseClassUtility.BaseClass" name="@BeforeTest beforeTest" time="0.0">
    <ignored/>
  </testcase> <!-- @BeforeTest beforeTest -->
  <testcase classname="genericBaseClassUtility.BaseClass" name="@BeforeTest beforeTest" time="0.0">
    <ignored/>
  </testcase> <!-- @BeforeTest beforeTest -->
  <testcase classname="genericBaseClassUtility.BaseClass" name="@AfterSuite afterSuite" time="0.0">
    <ignored/>
  </testcase> <!-- @AfterSuite afterSuite -->
  <testcase classname="genericBaseClassUtility.BaseClass" name="@BeforeSuite beforeSuite" time="0.0">
    <ignored/>
  </testcase> <!-- @BeforeSuite beforeSuite -->
  <testcase classname="genericBaseClassUtility.BaseClass" name="@BeforeSuite beforeSuite" time="0.0">
    <ignored/>
  </testcase> <!-- @BeforeSuite beforeSuite -->
  <testcase classname="genericBaseClassUtility.BaseClass" name="@AfterTest afterTest" time="0.0">
    <ignored/>
  </testcase> <!-- @AfterTest afterTest -->
  <testcase classname="genericBaseClassUtility.BaseClass" name="@BeforeSuite beforeSuite" time="0.0">
    <ignored/>
  </testcase> <!-- @BeforeSuite beforeSuite -->
  <testcase classname="genericBaseClassUtility.BaseClass" name="@BeforeTest beforeTest" time="0.0">
    <ignored/>
  </testcase> <!-- @BeforeTest beforeTest -->
  <testcase classname="genericBaseClassUtility.BaseClass" name="@AfterTest afterTest" time="0.0">
    <ignored/>
  </testcase> <!-- @AfterTest afterTest -->
</testsuite> <!-- Test -->
