<?xml version="1.0" encoding="UTF-8"?>
<!-- Generated by org.testng.reporters.JUnitXMLReporter -->
<testsuite ignored="0" hostname="DESKTOP-HFPQI8T" failures="0" tests="5" name="Test_firefox" time="171.849" errors="0" timestamp="2025-03-21T20:44:27 IST">
  <testcase classname="Champaign_Practice.Create_Campaign" name="createCampaignTest" time="34.958"/>
  <testcase classname="Champaign_Practice.Create_Campaign" name="createCampaignWithDateTest" time="28.336"/>
  <testcase classname="Champaign_Practice.CampaignContactFilling" name="contactFillingTest" time="43.811"/>
  <testcase classname="login.Login_Test" name="loginTest" time="29.129"/>
  <testcase classname="Champaign_Practice.CreateProduct" name="createProductTest" time="35.506"/>
</testsuite> <!-- Test_firefox -->
