<?xml version="1.0" encoding="UTF-8"?>
<!-- Generated by org.testng.reporters.JUnitXMLReporter -->
<testsuite ignored="12" hostname="DESKTOP-HFPQI8T" failures="0" tests="5" name="Test" time="90.902" errors="0" timestamp="2025-04-01T19:08:26 IST">
  <testcase classname="Champaign_Practice.Create_Campaign" name="createCampaignTest" time="15.032"/>
  <testcase classname="Champaign_Practice.Create_Campaign" name="createCampaignWithDateTest" time="7.956"/>
  <testcase classname="Champaign_Practice.CampaignContactFilling" name="contactFillingTest" time="23.534"/>
  <testcase classname="login.Login_Test" name="loginTest" time="2.075"/>
  <testcase classname="Champaign_Practice.CreateProduct" name="createProductTest" time="8.642"/>
  <testcase classname="genericBaseClassUtility.BaseClass" name="@AfterTest afterTest" time="0.0">
    <ignored/>
  </testcase> <!-- @AfterTest afterTest -->
  <testcase classname="genericBaseClassUtility.BaseClass" name="@AfterSuite afterSuite" time="0.0">
    <ignored/>
  </testcase> <!-- @AfterSuite afterSuite -->
  <testcase classname="genericBaseClassUtility.BaseClass" name="@AfterSuite afterSuite" time="0.0">
    <ignored/>
  </testcase> <!-- @AfterSuite afterSuite -->
  <testcase classname="genericBaseClassUtility.BaseClass" name="@BeforeTest beforeTest" time="0.0">
    <ignored/>
  </testcase> <!-- @BeforeTest beforeTest -->
  <testcase classname="genericBaseClassUtility.BaseClass" name="@BeforeTest beforeTest" time="0.0">
    <ignored/>
  </testcase> <!-- @BeforeTest beforeTest -->
  <testcase classname="genericBaseClassUtility.BaseClass" name="@AfterSuite afterSuite" time="0.0">
    <ignored/>
  </testcase> <!-- @AfterSuite afterSuite -->
  <testcase classname="genericBaseClassUtility.BaseClass" name="@BeforeSuite beforeSuite" time="0.0">
    <ignored/>
  </testcase> <!-- @BeforeSuite beforeSuite -->
  <testcase classname="genericBaseClassUtility.BaseClass" name="@BeforeSuite beforeSuite" time="0.0">
    <ignored/>
  </testcase> <!-- @BeforeSuite beforeSuite -->
  <testcase classname="genericBaseClassUtility.BaseClass" name="@AfterTest afterTest" time="0.0">
    <ignored/>
  </testcase> <!-- @AfterTest afterTest -->
  <testcase classname="genericBaseClassUtility.BaseClass" name="@BeforeSuite beforeSuite" time="0.0">
    <ignored/>
  </testcase> <!-- @BeforeSuite beforeSuite -->
  <testcase classname="genericBaseClassUtility.BaseClass" name="@BeforeTest beforeTest" time="0.0">
    <ignored/>
  </testcase> <!-- @BeforeTest beforeTest -->
  <testcase classname="genericBaseClassUtility.BaseClass" name="@AfterTest afterTest" time="0.0">
    <ignored/>
  </testcase> <!-- @AfterTest afterTest -->
</testsuite> <!-- Test -->
