<?xml version="1.0" encoding="UTF-8"?>
<!-- Generated by org.testng.reporters.JUnitXMLReporter -->
<testsuite ignored="0" hostname="DESKTOP-HFPQI8T" failures="0" tests="5" name="Test_chrome" time="163.997" errors="0" timestamp="2025-03-21T20:44:19 IST">
  <testcase classname="Champaign_Practice.Create_Campaign" name="createCampaignTest" time="30.425"/>
  <testcase classname="Champaign_Practice.Create_Campaign" name="createCampaignWithDateTest" time="33.552"/>
  <testcase classname="Champaign_Practice.CampaignContactFilling" name="contactFillingTest" time="38.063"/>
  <testcase classname="login.Login_Test" name="loginTest" time="27.268"/>
  <testcase classname="Champaign_Practice.CreateProduct" name="createProductTest" time="34.573"/>
</testsuite> <!-- Test_chrome -->
