<?xml version="1.0" encoding="UTF-8"?>
<testng-results ignored="0" total="5" passed="5" failed="0" skipped="0">
  <reporter-output>
    <line>
      <![CDATA[CampaignBanner_2064added sucessfylly]]>
    </line>
    <line>
      <![CDATA[CampaignBanner_1114added sucessfylly]]>
    </line>
    <line>
      <![CDATA[ContactNameRashmi_1376added sucessfylly]]>
    </line>
    <line>
      <![CDATA[Validation is passed]]>
    </line>
  </reporter-output>
  <suite started-at="2025-04-01T19:06:55 IST" name="Suite" finished-at="2025-04-01T19:08:26 IST" duration-ms="90902">
    <groups>
      <group name="IntegrationTest">
        <method signature="CampaignContactFilling.contactFillingTest()[pri:0, instance:Champaign_Practice.CampaignContactFilling@45d84a20]" name="contactFillingTest" class="Champaign_Practice.CampaignContactFilling"/>
      </group> <!-- IntegrationTest -->
    </groups>
    <test started-at="2025-04-01T19:06:55 IST" name="Test" finished-at="2025-04-01T19:08:26 IST" duration-ms="90902">
      <class name="login.Login_Test">
        <test-method is-config="true" signature="beforeClass()[pri:0, instance:login.Login_Test@52f27fbd]" started-at="2025-04-01T19:08:04 IST" name="beforeClass" finished-at="2025-04-01T19:08:05 IST" duration-ms="1332" status="PASS">
          <reporter-output>
          </reporter-output>
        </test-method> <!-- beforeClass -->
        <test-method is-config="true" signature="beforeMethod()[pri:0, instance:login.Login_Test@52f27fbd]" started-at="2025-04-01T19:08:05 IST" name="beforeMethod" finished-at="2025-04-01T19:08:09 IST" duration-ms="3403" status="PASS">
          <reporter-output>
          </reporter-output>
        </test-method> <!-- beforeMethod -->
        <test-method signature="loginTest()[pri:0, instance:login.Login_Test@52f27fbd]" started-at="2025-04-01T19:08:09 IST" name="loginTest" finished-at="2025-04-01T19:08:11 IST" duration-ms="2075" status="PASS">
          <reporter-output>
            <line>
              <![CDATA[Validation is passed]]>
            </line>
          </reporter-output>
        </test-method> <!-- loginTest -->
        <test-method is-config="true" signature="afterMethod()[pri:0, instance:login.Login_Test@52f27fbd]" started-at="2025-04-01T19:08:11 IST" name="afterMethod" finished-at="2025-04-01T19:08:11 IST" duration-ms="111" status="PASS">
          <reporter-output>
          </reporter-output>
        </test-method> <!-- afterMethod -->
        <test-method is-config="true" signature="afterClass()[pri:0, instance:login.Login_Test@52f27fbd]" started-at="2025-04-01T19:08:11 IST" name="afterClass" finished-at="2025-04-01T19:08:11 IST" duration-ms="192" status="PASS">
          <reporter-output>
          </reporter-output>
        </test-method> <!-- afterClass -->
      </class> <!-- login.Login_Test -->
      <class name="Champaign_Practice.Create_Campaign">
        <test-method is-config="true" signature="beforeSuite()[pri:0, instance:Champaign_Practice.Create_Campaign@7fd50002]" started-at="2025-04-01T19:06:54 IST" name="beforeSuite" finished-at="2025-04-01T19:06:55 IST" duration-ms="699" status="PASS">
          <reporter-output>
          </reporter-output>
        </test-method> <!-- beforeSuite -->
        <test-method is-config="true" signature="beforeTest()[pri:0, instance:Champaign_Practice.Create_Campaign@7fd50002]" started-at="2025-04-01T19:06:55 IST" name="beforeTest" finished-at="2025-04-01T19:06:55 IST" duration-ms="6" status="PASS">
          <reporter-output>
          </reporter-output>
        </test-method> <!-- beforeTest -->
        <test-method is-config="true" signature="beforeClass()[pri:0, instance:Champaign_Practice.Create_Campaign@7fd50002]" started-at="2025-04-01T19:06:55 IST" name="beforeClass" finished-at="2025-04-01T19:07:01 IST" duration-ms="6338" status="PASS">
          <reporter-output>
          </reporter-output>
        </test-method> <!-- beforeClass -->
        <test-method is-config="true" signature="beforeMethod()[pri:0, instance:Champaign_Practice.Create_Campaign@7fd50002]" started-at="2025-04-01T19:07:01 IST" name="beforeMethod" finished-at="2025-04-01T19:07:06 IST" duration-ms="4856" status="PASS">
          <reporter-output>
          </reporter-output>
        </test-method> <!-- beforeMethod -->
        <test-method signature="createCampaignTest()[pri:0, instance:Champaign_Practice.Create_Campaign@7fd50002]" started-at="2025-04-01T19:07:06 IST" name="createCampaignTest" finished-at="2025-04-01T19:07:21 IST" duration-ms="15032" status="PASS">
          <reporter-output>
            <line>
              <![CDATA[CampaignBanner_2064added sucessfylly]]>
            </line>
          </reporter-output>
        </test-method> <!-- createCampaignTest -->
        <test-method is-config="true" signature="afterMethod()[pri:0, instance:Champaign_Practice.Create_Campaign@7fd50002]" started-at="2025-04-01T19:07:21 IST" name="afterMethod" finished-at="2025-04-01T19:07:21 IST" duration-ms="147" status="PASS">
          <reporter-output>
          </reporter-output>
        </test-method> <!-- afterMethod -->
        <test-method is-config="true" signature="beforeMethod()[pri:0, instance:Champaign_Practice.Create_Campaign@7fd50002]" started-at="2025-04-01T19:07:21 IST" name="beforeMethod" finished-at="2025-04-01T19:07:26 IST" duration-ms="4435" status="PASS">
          <reporter-output>
          </reporter-output>
        </test-method> <!-- beforeMethod -->
        <test-method signature="createCampaignWithDateTest()[pri:0, instance:Champaign_Practice.Create_Campaign@7fd50002]" started-at="2025-04-01T19:07:26 IST" name="createCampaignWithDateTest" finished-at="2025-04-01T19:07:33 IST" duration-ms="7956" status="PASS">
          <reporter-output>
            <line>
              <![CDATA[CampaignBanner_1114added sucessfylly]]>
            </line>
          </reporter-output>
        </test-method> <!-- createCampaignWithDateTest -->
        <test-method is-config="true" signature="afterMethod()[pri:0, instance:Champaign_Practice.Create_Campaign@7fd50002]" started-at="2025-04-01T19:07:34 IST" name="afterMethod" finished-at="2025-04-01T19:07:34 IST" duration-ms="123" status="PASS">
          <reporter-output>
          </reporter-output>
        </test-method> <!-- afterMethod -->
        <test-method is-config="true" signature="afterClass()[pri:0, instance:Champaign_Practice.Create_Campaign@7fd50002]" started-at="2025-04-01T19:07:34 IST" name="afterClass" finished-at="2025-04-01T19:07:34 IST" duration-ms="343" status="PASS">
          <reporter-output>
          </reporter-output>
        </test-method> <!-- afterClass -->
        <test-method is-config="true" signature="afterTest()[pri:0, instance:Champaign_Practice.Create_Campaign@7fd50002]" started-at="2025-04-01T19:08:26 IST" name="afterTest" finished-at="2025-04-01T19:08:26 IST" duration-ms="1" status="PASS">
          <reporter-output>
          </reporter-output>
        </test-method> <!-- afterTest -->
        <test-method is-config="true" signature="afterSuite()[pri:0, instance:Champaign_Practice.Create_Campaign@7fd50002]" started-at="2025-04-01T19:08:26 IST" name="afterSuite" finished-at="2025-04-01T19:08:26 IST" duration-ms="7" status="PASS">
          <reporter-output>
          </reporter-output>
        </test-method> <!-- afterSuite -->
      </class> <!-- Champaign_Practice.Create_Campaign -->
      <class name="Champaign_Practice.CampaignContactFilling">
        <test-method is-config="true" signature="beforeClass()[pri:0, instance:Champaign_Practice.CampaignContactFilling@45d84a20]" started-at="2025-04-01T19:07:34 IST" name="beforeClass" finished-at="2025-04-01T19:07:35 IST" duration-ms="1478" status="PASS">
          <reporter-output>
          </reporter-output>
        </test-method> <!-- beforeClass -->
        <test-method is-config="true" signature="beforeMethod()[pri:0, instance:Champaign_Practice.CampaignContactFilling@45d84a20]" started-at="2025-04-01T19:07:35 IST" name="beforeMethod" finished-at="2025-04-01T19:07:40 IST" duration-ms="4571" status="PASS">
          <reporter-output>
          </reporter-output>
        </test-method> <!-- beforeMethod -->
        <test-method signature="contactFillingTest()[pri:0, instance:Champaign_Practice.CampaignContactFilling@45d84a20]" started-at="2025-04-01T19:07:40 IST" name="contactFillingTest" finished-at="2025-04-01T19:08:04 IST" duration-ms="23534" status="PASS">
          <reporter-output>
            <line>
              <![CDATA[ContactNameRashmi_1376added sucessfylly]]>
            </line>
          </reporter-output>
        </test-method> <!-- contactFillingTest -->
        <test-method is-config="true" signature="afterMethod()[pri:0, instance:Champaign_Practice.CampaignContactFilling@45d84a20]" started-at="2025-04-01T19:08:04 IST" name="afterMethod" finished-at="2025-04-01T19:08:04 IST" duration-ms="115" status="PASS">
          <reporter-output>
          </reporter-output>
        </test-method> <!-- afterMethod -->
        <test-method is-config="true" signature="afterClass()[pri:0, instance:Champaign_Practice.CampaignContactFilling@45d84a20]" started-at="2025-04-01T19:08:04 IST" name="afterClass" finished-at="2025-04-01T19:08:04 IST" duration-ms="248" status="PASS">
          <reporter-output>
          </reporter-output>
        </test-method> <!-- afterClass -->
      </class> <!-- Champaign_Practice.CampaignContactFilling -->
      <class name="Champaign_Practice.CreateProduct">
        <test-method is-config="true" signature="beforeClass()[pri:0, instance:Champaign_Practice.CreateProduct@4c163e3]" started-at="2025-04-01T19:08:11 IST" name="beforeClass" finished-at="2025-04-01T19:08:12 IST" duration-ms="1397" status="PASS">
          <reporter-output>
          </reporter-output>
        </test-method> <!-- beforeClass -->
        <test-method is-config="true" signature="beforeMethod()[pri:0, instance:Champaign_Practice.CreateProduct@4c163e3]" started-at="2025-04-01T19:08:12 IST" name="beforeMethod" finished-at="2025-04-01T19:08:16 IST" duration-ms="3739" status="PASS">
          <reporter-output>
          </reporter-output>
        </test-method> <!-- beforeMethod -->
        <test-method signature="createProductTest()[pri:0, instance:Champaign_Practice.CreateProduct@4c163e3]" started-at="2025-04-01T19:08:16 IST" name="createProductTest" finished-at="2025-04-01T19:08:25 IST" duration-ms="8642" status="PASS">
          <reporter-output>
          </reporter-output>
        </test-method> <!-- createProductTest -->
        <test-method is-config="true" signature="afterMethod()[pri:0, instance:Champaign_Practice.CreateProduct@4c163e3]" started-at="2025-04-01T19:08:25 IST" name="afterMethod" finished-at="2025-04-01T19:08:25 IST" duration-ms="353" status="PASS">
          <reporter-output>
          </reporter-output>
        </test-method> <!-- afterMethod -->
        <test-method is-config="true" signature="afterClass()[pri:0, instance:Champaign_Practice.CreateProduct@4c163e3]" started-at="2025-04-01T19:08:25 IST" name="afterClass" finished-at="2025-04-01T19:08:26 IST" duration-ms="347" status="PASS">
          <reporter-output>
          </reporter-output>
        </test-method> <!-- afterClass -->
      </class> <!-- Champaign_Practice.CreateProduct -->
    </test> <!-- Test -->
  </suite> <!-- Suite -->
</testng-results>
